Logged in as
Bottweiler
444987552651411457
------
Ignoring exception in command None:
discord.ext.commands.errors.CommandNotFound: Command "banana" is not found
Ignoring exception in command None:
discord.ext.commands.errors.CommandNotFound: Command "banana" is not found
Ignoring exception in command None:
discord.ext.commands.errors.CommandNotFound: Command "banana" is not found
Ignoring exception in command None:
discord.ext.commands.errors.CommandNotFound: Command "banana" is not found
Ignoring exception in command None:
discord.ext.commands.errors.CommandNotFound: Command "banana" is not found
Ignoring exception in command None:
discord.ext.commands.errors.CommandNotFound: Command "mai" is not found
Ignoring exception in command None:
discord.ext.commands.errors.CommandNotFound: Command "mai" is not found
Logged in as
Bottweiler
444987552651411457
------
Logged in as
Bottweiler
444987552651411457
------
Logged in as
Bottweiler
444987552651411457
------
Logged in as
Bottweiler
444987552651411457
------
Logged in as
Bottweiler
444987552651411457
------
Logged in as
Bottweiler
444987552651411457
------
Logged in as
Bottweiler
444987552651411457
------
Logged in as
Bottweiler
444987552651411457
------
Traceback (most recent call last):
  File "bot.py", line 6, in <module>
    from sheets_append import append
  File "/home/pi/Bottweiler/sheets_append.py", line 1, in <module>
    from googleapiclient.discovery import build
ImportError: No module named 'googleapiclient'
Traceback (most recent call last):
  File "bot.py", line 6, in <module>
    from sheets_append import append
  File "/home/pi/Bottweiler/sheets_append.py", line 1, in <module>
    from googleapiclient.discovery import build
ImportError: No module named 'googleapiclient'
Traceback (most recent call last):
  File "bot.py", line 6, in <module>
    from sheets_append import append
  File "/home/pi/Bottweiler/sheets_append.py", line 1, in <module>
    from googleapiclient.discovery import build
ImportError: No module named 'googleapiclient'
Traceback (most recent call last):
  File "bot.py", line 6, in <module>
    from sheets_append import append
  File "/home/pi/Bottweiler/sheets_append.py", line 1, in <module>
    from googleapiclient.discovery import build
ImportError: No module named 'googleapiclient'
Traceback (most recent call last):
  File "bot.py", line 6, in <module>
    from sheets_append import append
  File "/home/pi/Bottweiler/sheets_append.py", line 1, in <module>
    from googleapiclient.discovery import build
ImportError: No module named 'googleapiclient'
Logged in as
Bottweiler
444987552651411457
------
Logged in as
Bottweiler
444987552651411457
------
